{
  "aliases": [],
  "arbitrary": [
    {
      "children": [
        {
          "args": "numpy",
          "children": [],
          "name": "currentmodule",
          "options": {},
          "type": "mystDirective",
          "value": ""
        }
      ],
      "level": 0,
      "target": null,
      "title": "Floating point error handling",
      "type": "Section"
    },
    {
      "children": [
        {
          "type": "code",
          "value": ".. autosummary:: \n    :toctree:generated/\n    seterr\n    geterr\n    seterrcall\n    geterrcall\n    errstate"
        }
      ],
      "level": 1,
      "target": null,
      "title": "Setting and getting error handling",
      "type": "Section"
    },
    {
      "children": [
        {
          "type": "code",
          "value": ".. autosummary:: \n    :toctree:generated/\n    seterrobj\n    geterrobj"
        }
      ],
      "level": 1,
      "target": null,
      "title": "Internal functions",
      "type": "Section"
    }
  ],
  "content": {},
  "example_section_data": {
    "children": [],
    "level": 0,
    "target": null,
    "title": null,
    "type": "Section"
  },
  "item_file": null,
  "item_line": null,
  "item_type": null,
  "ordered_sections": [],
  "references": null,
  "see_also": [],
  "signature": {
    "type": "Signature",
    "value": null
  },
  "type": "DocBlob"
}