{
  "_content": {},
  "aliases": [],
  "arbitrary": [
    {
      "children": [
        {
          "data": {
            "args0": [],
            "directive_name": "currentmodule",
            "inner": {
              "inline": [
                {
                  "data": {
                    "value": "numpy "
                  },
                  "type": "Words"
                }
              ],
              "inner": []
            }
          },
          "type": "BlockDirective"
        }
      ],
      "title": "Floating point error handling"
    },
    {
      "children": [
        {
          "data": {
            "args0": [
              ":toctree: generated/"
            ],
            "directive_name": "autosummary",
            "inner": {
              "inline": [
                {
                  "data": {
                    "value": "seterr geterr seterrcall geterrcall errstate "
                  },
                  "type": "Words"
                }
              ],
              "inner": []
            }
          },
          "type": "BlockDirective"
        }
      ],
      "title": "Setting and getting error handling"
    },
    {
      "children": [
        {
          "data": {
            "args0": [
              ":toctree: generated/"
            ],
            "directive_name": "autosummary",
            "inner": {
              "inline": [
                {
                  "data": {
                    "value": "seterrobj geterrobj "
                  },
                  "type": "Words"
                }
              ],
              "inner": []
            }
          },
          "type": "BlockDirective"
        }
      ],
      "title": "Internal functions"
    }
  ],
  "example_section_data": {
    "children": [],
    "title": null
  },
  "item_file": null,
  "item_line": null,
  "item_type": null,
  "ordered_sections": [],
  "references": null,
  "refs": [],
  "see_also": [],
  "signature": {
    "value": null
  }
}