{
  "_content": {},
  "aliases": [],
  "arbitrary": [
    {
      "children": [
        {
          "data": {
            "argument": "numpy.lib.scimath",
            "content": "",
            "name": "currentmodule",
            "options": []
          },
          "type": "BlockDirective"
        },
        {
          "data": {
            "argument": "numpy::lib.scimath.log",
            "content": "",
            "name": "autofunction",
            "options": []
          },
          "type": "BlockDirective"
        }
      ],
      "title": "numpy.lib.scimath.log"
    }
  ],
  "example_section_data": {
    "children": [],
    "title": null
  },
  "item_file": null,
  "item_line": null,
  "item_type": null,
  "ordered_sections": [],
  "references": null,
  "see_also": [],
  "signature": {
    "value": null
  }
}