{
  "aliases": [],
  "arbitrary": [
    {
      "children": [
        {
          "data": {
            "argument": "numpy",
            "content": "",
            "name": "currentmodule",
            "options": []
          },
          "type": "BlockDirective"
        }
      ],
      "level": 0,
      "title": "Floating point error handling"
    },
    {
      "children": [
        {
          "data": {
            "value": ".. autosummary:: \n    :toctree:generated/\n    seterr\n    geterr\n    seterrcall\n    geterrcall\n    errstate"
          },
          "type": "BlockVerbatim"
        }
      ],
      "level": 1,
      "title": "Setting and getting error handling"
    },
    {
      "children": [
        {
          "data": {
            "value": ".. autosummary:: \n    :toctree:generated/\n    seterrobj\n    geterrobj"
          },
          "type": "BlockVerbatim"
        }
      ],
      "level": 1,
      "title": "Internal functions"
    }
  ],
  "content": {},
  "example_section_data": {
    "children": [],
    "level": 0,
    "title": null
  },
  "item_file": null,
  "item_line": null,
  "item_type": null,
  "ordered_sections": [],
  "references": null,
  "see_also": [],
  "signature": {
    "value": null
  }
}